[2022-03-03 19:15:46,286] {manager.py:514} INFO - Processing files using up to 2 processes at a time 
[2022-03-03 19:15:46,288] {manager.py:515} INFO - Process each file at most once every 30 seconds
[2022-03-03 19:15:46,290] {manager.py:517} INFO - Checking for new files in /usr/local/airflow/dags every 300 seconds
[2022-03-03 19:15:46,292] {manager.py:663} INFO - Searching for files in /usr/local/airflow/dags
[2022-03-03 19:15:46,305] {manager.py:666} INFO - There are 1 files in /usr/local/airflow/dags
[2022-03-03 19:15:46,486] {manager.py:1065} INFO - Finding 'running' jobs without a recent heartbeat
[2022-03-03 19:15:46,490] {manager.py:1069} INFO - Failing jobs without heartbeat after 2022-03-03 19:10:46.490151+00:00
[2022-03-03 19:15:46,621] {manager.py:784} INFO - 
================================================================================
DAG File Processing Stats

File Path                                                                                           PID  Runtime      # DAGs    # Errors  Last Runtime    Last Run
------------------------------------------------------------------------------------------------  -----  ---------  --------  ----------  --------------  ----------
/home/airflow/.local/lib/python3.7/site-packages/airflow/smart_sensor_dags/smart_sensor_group.py     11  0.14s             0           0
================================================================================
[2022-03-03 19:15:56,626] {manager.py:1065} INFO - Finding 'running' jobs without a recent heartbeat
[2022-03-03 19:15:56,630] {manager.py:1069} INFO - Failing jobs without heartbeat after 2022-03-03 19:10:56.630293+00:00
[2022-03-03 19:16:06,669] {manager.py:1065} INFO - Finding 'running' jobs without a recent heartbeat
[2022-03-03 19:16:06,672] {manager.py:1069} INFO - Failing jobs without heartbeat after 2022-03-03 19:11:06.671966+00:00
[2022-03-03 19:16:16,713] {manager.py:1065} INFO - Finding 'running' jobs without a recent heartbeat
[2022-03-03 19:16:16,718] {manager.py:1069} INFO - Failing jobs without heartbeat after 2022-03-03 19:11:16.717962+00:00
[2022-03-03 19:16:16,732] {manager.py:784} INFO - 
================================================================================
DAG File Processing Stats

File Path                                                                                         PID    Runtime      # DAGs    # Errors  Last Runtime    Last Run
------------------------------------------------------------------------------------------------  -----  ---------  --------  ----------  --------------  -------------------
/home/airflow/.local/lib/python3.7/site-packages/airflow/smart_sensor_dags/smart_sensor_group.py                           2           0  0.38s           2022-03-03T19:15:46
================================================================================
[2022-03-03 19:16:26,905] {manager.py:1065} INFO - Finding 'running' jobs without a recent heartbeat
[2022-03-03 19:16:26,907] {manager.py:1069} INFO - Failing jobs without heartbeat after 2022-03-03 19:11:26.907666+00:00
[2022-03-03 19:16:36,951] {manager.py:1065} INFO - Finding 'running' jobs without a recent heartbeat
[2022-03-03 19:16:36,954] {manager.py:1069} INFO - Failing jobs without heartbeat after 2022-03-03 19:11:36.954725+00:00
[2022-03-03 19:16:46,998] {manager.py:1065} INFO - Finding 'running' jobs without a recent heartbeat
[2022-03-03 19:16:47,002] {manager.py:1069} INFO - Failing jobs without heartbeat after 2022-03-03 19:11:47.002313+00:00
[2022-03-03 19:16:47,015] {manager.py:784} INFO - 
================================================================================
DAG File Processing Stats

File Path                                                                                         PID    Runtime      # DAGs    # Errors  Last Runtime    Last Run
------------------------------------------------------------------------------------------------  -----  ---------  --------  ----------  --------------  -------------------
/home/airflow/.local/lib/python3.7/site-packages/airflow/smart_sensor_dags/smart_sensor_group.py                           2           0  0.33s           2022-03-03T19:16:17
================================================================================
[2022-03-03 19:16:51,696] {manager.py:495} INFO - Exiting gracefully upon receiving signal 15
